<?xml version="1.0" encoding="UTF-8"?>
<testsuite xmlns:xsi="http://www.w3.org/2001/XMLSchema-instance" xsi:noNamespaceSchemaLocation="https://maven.apache.org/surefire/maven-surefire-plugin/xsd/surefire-test-report.xsd" version="3.0.2" name="no.sirktek.taxonomy.model.PropertyDefinitionTest" time="0.043" tests="8" errors="0" skipped="0" failures="0">
  <properties>
[...]
</properties>
  <testcase name="shouldTestAllPropertyTypeEnumValues" classname="no.sirktek.taxonomy.model.PropertyDefinitionTest" time="0.018"/>
  <testcase name="shouldHandleNullRangeType" classname="no.sirktek.taxonomy.model.PropertyDefinitionTest" time="0.002"/>
  <testcase name="shouldDetectLocationTypePropertyType" classname="no.sirktek.taxonomy.model.PropertyDefinitionTest" time="0.001"/>
  <testcase name="shouldBuildPropertyDefinitionWithAllFields" classname="no.sirktek.taxonomy.model.PropertyDefinitionTest" time="0.0"/>
  <testcase name="shouldDetectGeoPointPropertyType" classname="no.sirktek.taxonomy.model.PropertyDefinitionTest" time="0.0"/>
  <testcase name="shouldDefaultToStringForUnknownTypes" classname="no.sirktek.taxonomy.model.PropertyDefinitionTest" time="0.0"/>
  <testcase name="shouldDetectStringPropertyType" classname="no.sirktek.taxonomy.model.PropertyDefinitionTest" time="0.0"/>
  <testcase name="shouldDetectAddressPropertyType" classname="no.sirktek.taxonomy.model.PropertyDefinitionTest" time="0.0"/>
</testsuite>